Compiling build :background to "resources/unpacked/compiled/background/main.js" from ["src/background"]...
[32mSuccessfully compiled build :background to "resources/unpacked/compiled/background/main.js" in 0.437 seconds.[0m
notifying browser that file changed:  resources/unpacked/compiled/background/goog/deps.js
notifying browser that file changed:  resources/unpacked/compiled/background/cljs_deps.js
notifying browser that file changed:  resources/unpacked/compiled/background/twitchnotify/background/core.js
Compiling build :background to "resources/unpacked/compiled/background/main.js" from ["src/background"]...
[32mSuccessfully compiled build :background to "resources/unpacked/compiled/background/main.js" in 0.439 seconds.[0m
notifying browser that file changed:  resources/unpacked/compiled/background/twitchnotify/background/core.js
Compiling build :background to "resources/unpacked/compiled/background/main.js" from ["src/background"]...
[32mSuccessfully compiled build :background to "resources/unpacked/compiled/background/main.js" in 0.364 seconds.[0m
notifying browser that file changed:  resources/unpacked/compiled/background/twitchnotify/background/core.js
Compiling build :background to "resources/unpacked/compiled/background/main.js" from ["src/background"]...
[32mSuccessfully compiled build :background to "resources/unpacked/compiled/background/main.js" in 0.378 seconds.[0m
notifying browser that file changed:  resources/unpacked/compiled/background/twitchnotify/background/core.js
Compiling build :background to "resources/unpacked/compiled/background/main.js" from ["src/background"]...
[32mSuccessfully compiled build :background to "resources/unpacked/compiled/background/main.js" in 0.394 seconds.[0m
notifying browser that file changed:  resources/unpacked/compiled/background/twitchnotify/background/core.js
Compiling build :background to "resources/unpacked/compiled/background/main.js" from ["src/background"]...
[32mSuccessfully compiled build :background to "resources/unpacked/compiled/background/main.js" in 0.398 seconds.[0m
notifying browser that file changed:  resources/unpacked/compiled/background/twitchnotify/background/core.js
Compiling build :background to "resources/unpacked/compiled/background/main.js" from ["src/background"]...
[32mSuccessfully compiled build :background to "resources/unpacked/compiled/background/main.js" in 0.37 seconds.[0m
notifying browser that file changed:  resources/unpacked/compiled/background/twitchnotify/background/core.js
Compiling build :background to "resources/unpacked/compiled/background/main.js" from ["src/background"]...
[32mSuccessfully compiled build :background to "resources/unpacked/compiled/background/main.js" in 0.336 seconds.[0m
notifying browser that file changed:  resources/unpacked/compiled/background/twitchnotify/background/core.js
Compiling build :background to "resources/unpacked/compiled/background/main.js" from ["src/background"]...
[32mSuccessfully compiled build :background to "resources/unpacked/compiled/background/main.js" in 0.352 seconds.[0m
notifying browser that file changed:  resources/unpacked/compiled/background/twitchnotify/background/core.js
Compiling build :background to "resources/unpacked/compiled/background/main.js" from ["src/background"]...
[32mSuccessfully compiled build :background to "resources/unpacked/compiled/background/main.js" in 0.338 seconds.[0m
notifying browser that file changed:  resources/unpacked/compiled/background/twitchnotify/background/core.js
Compiling build :background to "resources/unpacked/compiled/background/main.js" from ["src/background"]...
[32mSuccessfully compiled build :background to "resources/unpacked/compiled/background/main.js" in 0.366 seconds.[0m
notifying browser that file changed:  resources/unpacked/compiled/background/twitchnotify/background/core.js
Compiling build :background to "resources/unpacked/compiled/background/main.js" from ["src/background"]...
[32mSuccessfully compiled build :background to "resources/unpacked/compiled/background/main.js" in 0.326 seconds.[0m
notifying browser that file changed:  resources/unpacked/compiled/background/twitchnotify/background/core.js
Compiling build :background to "resources/unpacked/compiled/background/main.js" from ["src/background"]...
[32mSuccessfully compiled build :background to "resources/unpacked/compiled/background/main.js" in 0.322 seconds.[0m
notifying browser that file changed:  resources/unpacked/compiled/background/twitchnotify/background/core.js
Compiling build :background to "resources/unpacked/compiled/background/main.js" from ["src/background"]...
[32mSuccessfully compiled build :background to "resources/unpacked/compiled/background/main.js" in 0.317 seconds.[0m
notifying browser that file changed:  resources/unpacked/compiled/background/twitchnotify/background/core.js
Compiling build :background to "resources/unpacked/compiled/background/main.js" from ["src/background"]...
[36m----  Compiler Warning on   src/background/twitchnotify/background/core.cljs   line:57  column:30  ----[0m

  [1mUse of undeclared Var twitchnotify.background.core/game-name[0m

  [36m54[0m  [36m(defn remove-entry [id][0m
  [36m55[0m  [36m  (let [current-state @stream-state][0m
  [36m56[0m  [36m    (if-let [tab (current-state id)][0m
  [33m57[0m  [1m      (if (game-changed? tab game-name)[0m
  [0m  [0m  [33m                             ^--- Use of undeclared Var twitchnotify.background.core/game-name[0m
  [36m58[0m  [36m        (do[0m
  [36m59[0m  [36m          (prn "CURRENT" current-state)[0m
  [36m60[0m  [36m          (swap! stream-state (fn [x][0m
  [36m61[0m  [36m                                (merge x {id {:game-name game-name}}))) true) false)[0m
  [36m62[0m  [36m      (do (swap! stream-state (fn [x][0m

[36m----  Compiler Warning : Please see src/background/twitchnotify/background/core.cljs  ----[0m
[36m----  Compiler Warning on   src/background/twitchnotify/background/core.cljs   line:61  column:58  ----[0m

  [1mUse of undeclared Var twitchnotify.background.core/game-name[0m

  [36m57[0m  [36m      (if (game-changed? tab game-name)[0m
  [36m58[0m  [36m        (do[0m
  [36m59[0m  [36m          (prn "CURRENT" current-state)[0m
  [36m60[0m  [36m          (swap! stream-state (fn [x][0m
  [33m61[0m  [1m                                (merge x {id {:game-name game-name}}))) true) false)[0m
  [0m  [0m  [33m                                                         ^--- Use of undeclared Var twitchnotify.background.core/game-name[0m
  [36m62[0m  [36m      (do (swap! stream-state (fn [x][0m
  [36m63[0m  [36m                                (merge x {id {:game-name game-name}}))) false))))[0m
  [36m64[0m  [36m[0m
  [36m65[0m  [36m[0m
  [36m66[0m  [36m(defn run-client-message-loop! [client][0m

[36m----  Compiler Warning : Please see src/background/twitchnotify/background/core.cljs  ----[0m
[36m----  Compiler Warning on   src/background/twitchnotify/background/core.cljs   line:63  column:58  ----[0m

  [1mUse of undeclared Var twitchnotify.background.core/game-name[0m

  [36m59[0m  [36m          (prn "CURRENT" current-state)[0m
  [36m60[0m  [36m          (swap! stream-state (fn [x][0m
  [36m61[0m  [36m                                (merge x {id {:game-name game-name}}))) true) false)[0m
  [36m62[0m  [36m      (do (swap! stream-state (fn [x][0m
  [33m63[0m  [1m                                (merge x {id {:game-name game-name}}))) false))))[0m
  [0m  [0m  [33m                                                         ^--- Use of undeclared Var twitchnotify.background.core/game-name[0m
  [36m64[0m  [36m[0m
  [36m65[0m  [36m[0m
  [36m66[0m  [36m(defn run-client-message-loop! [client][0m
  [36m67[0m  [36m  (go-loop [][0m
  [36m68[0m  [36m    (when-some [message (js->clj (<! client) :keywordize-keys true)][0m

[36m----  Compiler Warning : Please see src/background/twitchnotify/background/core.cljs  ----[0m
[32mSuccessfully compiled build :background to "resources/unpacked/compiled/background/main.js" in 0.392 seconds.[0m
notifying browser that file changed:  resources/unpacked/compiled/background/twitchnotify/background/core.js
Compiling build :background to "resources/unpacked/compiled/background/main.js" from ["src/background"]...
[36m----  Compiler Warning on   src/background/twitchnotify/background/core.cljs   line:57  column:30  ----[0m

  [1mUse of undeclared Var twitchnotify.background.core/game-name[0m

  [36m54[0m  [36m(defn remove-entry [id][0m
  [36m55[0m  [36m  (let [current-state @stream-state][0m
  [36m56[0m  [36m    (if-let [tab (current-state id)][0m
  [33m57[0m  [1m      (if (game-changed? tab game-name)[0m
  [0m  [0m  [33m                             ^--- Use of undeclared Var twitchnotify.background.core/game-name[0m
  [36m58[0m  [36m        (do[0m
  [36m59[0m  [36m          (prn "CURRENT" current-state)[0m
  [36m60[0m  [36m          (swap! stream-state (fn [x][0m
  [36m61[0m  [36m                                (merge x {id {:game-name game-name}}))) true) false)[0m
  [36m62[0m  [36m      (do (swap! stream-state (fn [x][0m

[36m----  Compiler Warning : Please see src/background/twitchnotify/background/core.cljs  ----[0m
[36m----  Compiler Warning on   src/background/twitchnotify/background/core.cljs   line:61  column:58  ----[0m

  [1mUse of undeclared Var twitchnotify.background.core/game-name[0m

  [36m57[0m  [36m      (if (game-changed? tab game-name)[0m
  [36m58[0m  [36m        (do[0m
  [36m59[0m  [36m          (prn "CURRENT" current-state)[0m
  [36m60[0m  [36m          (swap! stream-state (fn [x][0m
  [33m61[0m  [1m                                (merge x {id {:game-name game-name}}))) true) false)[0m
  [0m  [0m  [33m                                                         ^--- Use of undeclared Var twitchnotify.background.core/game-name[0m
  [36m62[0m  [36m      (do (swap! stream-state (fn [x][0m
  [36m63[0m  [36m                                (merge x {id {:game-name game-name}}))) false))))[0m
  [36m64[0m  [36m[0m
  [36m65[0m  [36m(dissoc )[0m

[36m----  Compiler Warning : Please see src/background/twitchnotify/background/core.cljs  ----[0m
[36m----  Compiler Warning on   src/background/twitchnotify/background/core.cljs   line:63  column:58  ----[0m

  [1mUse of undeclared Var twitchnotify.background.core/game-name[0m

  [36m59[0m  [36m          (prn "CURRENT" current-state)[0m
  [36m60[0m  [36m          (swap! stream-state (fn [x][0m
  [36m61[0m  [36m                                (merge x {id {:game-name game-name}}))) true) false)[0m
  [36m62[0m  [36m      (do (swap! stream-state (fn [x][0m
  [33m63[0m  [1m                                (merge x {id {:game-name game-name}}))) false))))[0m
  [0m  [0m  [33m                                                         ^--- Use of undeclared Var twitchnotify.background.core/game-name[0m
  [36m64[0m  [36m[0m
  [36m65[0m  [36m(dissoc )[0m
  [36m66[0m  [36m[0m
  [36m67[0m  [36m(defn run-client-message-loop! [client][0m
  [36m68[0m  [36m  (go-loop [][0m

[36m----  Compiler Warning : Please see src/background/twitchnotify/background/core.cljs  ----[0m
[36m----  Compiler Warning on   src/background/twitchnotify/background/core.cljs   line:65  column:1  ----[0m

  [1mWrong number of args (0) passed to cljs.core/dissoc[0m

  [36m61[0m  [36m                                (merge x {id {:game-name game-name}}))) true) false)[0m
  [36m62[0m  [36m      (do (swap! stream-state (fn [x][0m
  [36m63[0m  [36m                                (merge x {id {:game-name game-name}}))) false))))[0m
  [36m64[0m  [36m[0m
  [33m65[0m  [1m(dissoc )[0m
  [0m  [0m  [33m^--- Wrong number of args (0) passed to cljs.core/dissoc[0m
  [36m66[0m  [36m[0m
  [36m67[0m  [36m(defn run-client-message-loop! [client][0m
  [36m68[0m  [36m  (go-loop [][0m
  [36m69[0m  [36m    (when-some [message (js->clj (<! client) :keywordize-keys true)][0m
  [36m70[0m  [36m      (let [sender       (js->clj (get-sender client) :keywordize-keys true)[0m

[36m----  Compiler Warning : Please see src/background/twitchnotify/background/core.cljs  ----[0m
[32mSuccessfully compiled build :background to "resources/unpacked/compiled/background/main.js" in 0.369 seconds.[0m
notifying browser that file changed:  resources/unpacked/compiled/background/twitchnotify/background/core.js
Compiling build :background to "resources/unpacked/compiled/background/main.js" from ["src/background"]...
[32mSuccessfully compiled build :background to "resources/unpacked/compiled/background/main.js" in 0.372 seconds.[0m
notifying browser that file changed:  resources/unpacked/compiled/background/twitchnotify/background/core.js
Compiling build :background to "resources/unpacked/compiled/background/main.js" from ["src/background"]...
[32mSuccessfully compiled build :background to "resources/unpacked/compiled/background/main.js" in 0.352 seconds.[0m
notifying browser that file changed:  resources/unpacked/compiled/background/twitchnotify/background/core.js
Compiling build :background to "resources/unpacked/compiled/background/main.js" from ["src/background"]...
[32mSuccessfully compiled build :background to "resources/unpacked/compiled/background/main.js" in 0.32 seconds.[0m
notifying browser that file changed:  resources/unpacked/compiled/background/twitchnotify/background/core.js
Compiling build :background to "resources/unpacked/compiled/background/main.js" from ["src/background"]...
[32mSuccessfully compiled build :background to "resources/unpacked/compiled/background/main.js" in 0.357 seconds.[0m
notifying browser that file changed:  resources/unpacked/compiled/background/twitchnotify/background/core.js
Compiling build :background to "resources/unpacked/compiled/background/main.js" from ["src/background"]...
[32mSuccessfully compiled build :background to "resources/unpacked/compiled/background/main.js" in 0.342 seconds.[0m
notifying browser that file changed:  resources/unpacked/compiled/background/twitchnotify/background/core.js
Compiling build :background to "resources/unpacked/compiled/background/main.js" from ["src/background"]...
[32mSuccessfully compiled build :background to "resources/unpacked/compiled/background/main.js" in 0.343 seconds.[0m
notifying browser that file changed:  resources/unpacked/compiled/background/twitchnotify/background/core.js
Compiling build :background to "resources/unpacked/compiled/background/main.js" from ["src/background"]...
[32mSuccessfully compiled build :background to "resources/unpacked/compiled/background/main.js" in 0.325 seconds.[0m
notifying browser that file changed:  resources/unpacked/compiled/background/twitchnotify/background/core.js
notifying browser that file changed:  resources/unpacked/compiled/background/twitchnotify/background/storage.js
notifying browser that file changed:  resources/unpacked/compiled/background/twitchnotify/background.js
